<?xml version="1.0" encoding="UTF-8"?>
<!-- Generated by org.testng.reporters.JUnitReportReporter -->
<testsuite hostname="FX-JSJ800" name="com.demo.seleniumandroid.demoseleniumTestng" tests="1" failures="0" timestamp="4 Jan 2016 06:12:49 GMT" time="6.932" errors="0">
  <testcase name="testBaidu" time="6.932" classname="com.demo.seleniumandroid.demoseleniumTestng"/>
</testsuite> <!-- com.demo.seleniumandroid.demoseleniumTestng -->
